[web-oy-indonesia-0d23881271c0b9394e386a.webflow.io/index.html]
[backblue.gif]
[fade.gif]
[index.html]
[assets.website-files.com/62d7ea35109045c9f7a13962/css/web-oy-indonesia-0d23881271c0b9394e386a.bde72c24d.min.css]
[ajax.googleapis.com/ajax/libs/webfont/1.6.26/webfont.js]
[assets.website-files.com/62d7ea35109045c9f7a13962/62d7ea351090456ca8a139ed_Favicon.png]
[assets.website-files.com/62d7ea35109045c9f7a13962/62d7ea351090451e86a13a2c_Webclip.png]
[www.googleoptimize.com/optimize686b.js]
[ajax.googleapis.com/ajax/libs/jquery/3.6.0/jquery.min.js]
[cdn.amplitude.com/libs/amplitude-8.1.0-min.gz.js]
[analytics.tiktok.com/i18n/pixel/events.js]
[assets.website-files.com/62d7ea35109045c9f7a13962/62d7ea35109045e747a13d1a_FA-KV-Wujudkan-bersama---MODAL.jpg]
[assets.website-files.com/62d7ea35109045c9f7a13962/62d7ea351090452b92a13cea_Modal_Box_Motor-Ramadan.jpg]
[assets.website-files.com/62d7ea35109045c9f7a13962/62d7ea351090455aa8a13c87_MODAL_GTM_Phone_Focus-01.jpg]
[assets.website-files.com/62d7ea35109045c9f7a13962/62d7ea35109045797aa13d70_fa_kv_wujudkan_bersama_-_modal-01_720.jpg]
[sibforms.com/forms/end-form/build/sib-styles.css]
[img.mailinblue.com/4019144/images/rnb/original/613826a184c88636ce3f4a05.png]
[sibforms.com/forms/end-form/build/main.js]
[web-oy-indonesia-0d23881271c0b9394e386a.webflow.io/en/multitransfer.html]
[assets.website-files.com/62d7ea35109045c9f7a13962/62d7ea351090453b28a13b19_OY Claim Fund.png]
[assets.website-files.com/62d7ea35109045c9f7a13962/62e8d07dbacd8cec63840ccb_OY Cash Pickup.png]
[web-oy-indonesia-0d23881271c0b9394e386a.webflow.io/id/payment-link.html]
[web-oy-indonesia-0d23881271c0b9394e386a.webflow.io/id/terima-uang.html]
[assets.website-files.com/62d7ea35109045c9f7a13962/62e8d6e8d00c746a050bbdd2_OY Cash In.png]
[assets.website-files.com/62d7ea35109045c9f7a13962/62d7ea35109045e3aca13b1b_Right-Arrow-Tosca100.png]
[assets.website-files.com/62d7ea35109045c9f7a13962/62d7ea351090459f24a13b24_ArrowRightGreen.png]
[assets.website-files.com/62d7ea35109045c9f7a13962/62d7ea35109045a4b2a13b1a_OY E-Wallet.png]
[assets.website-files.com/62d7ea35109045c9f7a13962/62d7ea35109045201da13b16_ArrowRightPurple.png]
[assets.website-files.com/62d7ea35109045c9f7a13962/62d7ea351090452eafa13b17_ArrowRightBlue.png]
[assets.website-files.com/62d7ea35109045c9f7a13962/62d7ea351090459196a13b2a_OY Integration New.png]
[web-oy-indonesia-0d23881271c0b9394e386a.webflow.io/id/corporate.html]
[web-oy-indonesia-0d23881271c0b9394e386a.webflow.io/en/home.html]
[assets.website-files.com/62d7ea35109045c9f7a13962/62e8c27a78628e5936b5b086_ArrowRightSliderRevampLandingPage.png]
[assets.website-files.com/62d7ea35109045c9f7a13962/62d7ea3510904507d9a13d82_thumbnail_hero_responsive.png]
[assets.website-files.com/62d7ea35109045c9f7a13962/62de207b97f46037ce02a2e4_UMKM_LandingPage.png]
[assets.website-files.com/62d7ea35109045c9f7a13962/62e673bc2f9d2255480079d2_Mobile UMK_LandingPage.png]
[assets.website-files.com/62d7ea35109045c9f7a13962/62de2e1d4cf813f4b1f855da_Perusahaan Landing_Page.png]
[assets.website-files.com/62d7ea35109045c9f7a13962/62de97a370c6435b35094a25_SederhanakanSistem-Hero.png]
[assets.website-files.com/62d7ea35109045c9f7a13962/62de98aa5ff4b957784f4cb2_SediakanKemudahan-Hero.png]
[assets.website-files.com/62d7ea35109045c9f7a13962/62de999fc3d07548e0ab6a12_BiayaLayanan-Hero.png]
[assets.website-files.com/62d7ea35109045c9f7a13962/62de98b381ebec0ab3a28338_Keamanan-Hero.png]
[assets.website-files.com/62d7ea35109045c9f7a13962/62dea23fe535b7e823acc24a_BantuBisnis-LandingPage.png]
[assets.website-files.com/62d7ea35109045c9f7a13962/62dea9e445037b5dadc4538f_CNBC-Icon.png]
[d3e54v103j8qbb.cloudfront.net/js/jquery-3.5.1.min.dc5e7f18c890ff.js]
[assets.website-files.com/62d7ea35109045c9f7a13962/js/web-oy-indonesia-0d23881271c0b9394e386a.ee90fd40d.js]
[web-oy-indonesia-0d23881271c0b9394e386a.webflow.io/index.html]
[app.yellowmessenger.com/widget/main.js]
[assets.website-files.com/62d7ea35109045c9f7a13962/62d7ea351090458051a13d2c_background cloud blue.png]
[assets.website-files.com/62d7ea35109045c9f7a13962/62d7ea3510904571a1a13d34_hero image - payment link.jpg]
[assets.website-files.com/62d7ea35109045c9f7a13962/62d7ea35109045114fa13d50_Group 42948.png]
[assets.website-files.com/62d7ea35109045c9f7a13962/62d94a24591a2106924a4969_Hero-Banner-LandingPage.png]
[assets.website-files.com/62d7ea35109045c9f7a13962/62e0125d9cb545c602362ae2_HomeBanner-Slide2-Mobile.png]
[assets.website-files.com/62d7ea35109045c9f7a13962/62e012649cb5451c38362b6e_HomeBanner-Slide3-Mobile.png]
[assets.website-files.com/62d7ea35109045c9f7a13962/62e01091b56b010c03240613_HomeBanner-Slide1-Mobile.png]
[assets.website-files.com/62d7ea35109045c9f7a13962/css/web-oy-indonesia-0d23881271c0b9394e386a.bde72c24d.min.css]
[www.googletagmanager.com/gtm5445.html]
[static.sendinblue.com/images/flags.png]
[sibforms.com/forms/end-form/build/sib-styles.css]
[web-oy-indonesia-0d23881271c0b9394e386a.webflow.io/en/umkm.html]
[assets.website-files.com/62d7ea35109045c9f7a13962/62d7ea351090454fc0a13d37_unsplash_-UsJoNxLaNo (1).png]
[assets.website-files.com/62d7ea35109045c9f7a13962/62d7ea351090458aaaa13d35_unsplash_-UsJoNxLaNo.png]
[assets.website-files.com/62d7ea35109045c9f7a13962/62d7ea351090457bcda13d38_Jual beli melalui aplikasi_website penjual.jpg]
[assets.website-files.com/62d7ea35109045c9f7a13962/62d7ea3510904559b4a13d52_tab multitransfer 1.png]
[assets.website-files.com/62d7ea35109045c9f7a13962/62d7ea351090450203a13d57_tab multitransfer 3.png]
[assets.website-files.com/62d7ea35109045c9f7a13962/62d7ea351090451efda13d54_tab multitransfer 5.png]
[assets.website-files.com/62d7ea35109045c9f7a13962/62d7ea351090452279a13c64_Modal suntikan modal mantap.jpg]
[assets.website-files.com/62d7ea35109045c9f7a13962/62d7ea351090454c56a13d53_tab multitransfer 2.png]
[assets.website-files.com/62d7ea35109045c9f7a13962/62d7ea35109045d6cea13d58_arrow-circle-right-outline 2.png]
[assets.website-files.com/62d7ea35109045c9f7a13962/62d7ea35109045823ba13d5b_Beroperasi Tanpa Batas Waktu.png]
[assets.website-files.com/62d7ea35109045c9f7a13962/62d7ea3510904543eea13d5c_Berbagai Sumber Pembayaran.png]
[assets.website-files.com/62d7ea35109045c9f7a13962/62d7ea3510904579f7a13d3e_unsplash_m_HRfLhgABo.png]
[assets.website-files.com/62d7ea35109045c9f7a13962/62d7ea3510904583f5a13d62_tab2 multitransfer 7.png]
[assets.website-files.com/62d7ea35109045c9f7a13962/62d7ea35109045d88da13d61_tab2 multitransfer 1.png]
[assets.website-files.com/62d7ea35109045c9f7a13962/62d7ea351090457191a13d5e_tab2 multitransfer 2.png]
[assets.website-files.com/62d7ea35109045c9f7a13962/62d7ea3510904536e2a13d63_tab2 multitransfer 3.png]
[assets.website-files.com/62d7ea35109045c9f7a13962/62d7ea351090457760a13d5d_tab2 multitransfer 6.png]
[assets.website-files.com/62d7ea35109045c9f7a13962/62d7ea35109045dc4ba13d5f_tab2 multitransfer 4.png]
[assets.website-files.com/62d7ea35109045c9f7a13962/62d7ea35109045d2b8a13d60_tab2 multitransfer 5.png]
[assets.website-files.com/62d7ea35109045c9f7a13962/62d7ea351090453614a13d42_online shop.jpg]
[assets.website-files.com/62d7ea35109045c9f7a13962/62d7ea3510904584a7a13d45_offline shop.jpg]
[assets.website-files.com/62d7ea35109045c9f7a13962/62d7ea351090458422a13d3f_freelance.jpg]
[assets.website-files.com/62d7ea35109045c9f7a13962/62d7ea351090453919a13d48_ecommerse.jpg]
[assets.website-files.com/62d7ea35109045c9f7a13962/62d7ea351090452ce5a13d41_PPOB.jpg]
[assets.website-files.com/62d7ea35109045c9f7a13962/62d7ea351090459e56a13d47_grosir online.jpg]
[assets.website-files.com/62d7ea35109045c9f7a13962/62d7ea3510904528cea13d46_Pengembang Situs Web (Website Enabler).jpg]
[assets.website-files.com/62d7ea35109045c9f7a13962/62d7ea3510904550c9a13d40_Software Developer (SaaS).jpg]
[assets.website-files.com/62d7ea35109045c9f7a13962/62d7ea35109045b2afa13d4c_Group.png]
[assets.website-files.com/62d7ea35109045c9f7a13962/62d7ea35109045e0d6a13d4a_arrow right.png]
[assets.website-files.com/62d7ea35109045c9f7a13962/62d7ea351090451aa9a13d4b_Group (1).png]
[assets.website-files.com/62d7ea35109045c9f7a13962/62d7ea351090452b67a13d4e_claim fund.png]
[assets.website-files.com/62d7ea35109045c9f7a13962/62d7ea351090457b4da13d64_payment link logo grey.png]
[assets.website-files.com/62d7ea35109045c9f7a13962/62d7ea351090451e8da13d4f_multitransfer.png]
[assets.website-files.com/62d7ea35109045c9f7a13962/62d7ea351090450eb1a13d4d_mam.png]
[web-oy-indonesia-0d23881271c0b9394e386a.webflow.io/en/multitransfer.html]
[assets.website-files.com/62d7ea35109045c9f7a13962/62d7ea35109045691aa13d33_Group 1000000795 (1).png]
[assets.website-files.com/62d7ea35109045c9f7a13962/62d7ea351090454befa13cdf_BFN-Modal---Ramadan.jpg]
[web-oy-indonesia-0d23881271c0b9394e386a.webflow.io/id/payment-link.html]
[assets.website-files.com/62d7ea35109045c9f7a13962/62d7ea351090450537a13ab4_606c0aa60d743ab326474709_screenshot-receive-money-min.png]
[assets.website-files.com/62d7ea35109045c9f7a13962/62d7ea35109045a49fa13b10_PaymentLinkViaDashboard.png]
[assets.website-files.com/62d7ea35109045c9f7a13962/62d7ea351090453496a13b12_PaymentLinkViaAPI.png]
[assets.website-files.com/62d7ea35109045c9f7a13962/62d7ea351090455abca13b11_PaymentLinkViaRouting.png]
[assets.website-files.com/62d7ea35109045c9f7a13962/62d7ea3510904599b4a13b13_QRIS-icon.png]
[assets.website-files.com/62d7ea35109045c9f7a13962/62d7ea35109045dc70a13d7c_screenshot-api-payment-checkout-invoice.png]
[assets.website-files.com/62d7ea35109045c9f7a13962/62d7ea351090459cf4a13b14_OY! Virtual Account.png]
[assets.website-files.com/62d7ea35109045c9f7a13962/62d7ea351090452bd5a13d88_api-disbursement-screenshot.png]
[assets.website-files.com/62d7ea35109045c9f7a13962/62d7ea351090453950a13b4f_OY! E-Wallet Image.png]
[assets.website-files.com/62d7ea35109045c9f7a13962/62d7ea35109045353ca139e4_cash-in-screenshot.png]
[assets.website-files.com/62d7ea35109045c9f7a13962/62d7ea351090453476a13a8a_6094a1efa2e6869b0fda0bb0_logo-terima-cepat-min.png]
[assets.website-files.com/62d7ea35109045c9f7a13962/62d7ea35109045280ba13ab5_607e658d32d305b0cdd45d16_testi_unipin_responsive-min.png]
[assets.website-files.com/62d7ea35109045c9f7a13962/62d7ea351090458649a13ab1_607465ff2382c848185be2d6_usecase_bareksa-min.png]
[assets.website-files.com/62d7ea35109045c9f7a13962/62d7ea351090458bb8a13aae_607e6a7e12ac99315566de3d_testi_bareksa_responsive-min.png]
[assets.website-files.com/62d7ea35109045c9f7a13962/62d7ea35109045111ba13ab2_607e658d32d3054f55d45d17_testi_investree_responsive-min.png]
[assets.website-files.com/62d7ea35109045c9f7a13962/62d7ea35109045fff9a13a86_606ea173fa27563b56a23eaf_thumbnail_video_cara_mendaftarkan_Usaha_Anda_di_OY-min.jpg]
[assets.website-files.com/62d7ea35109045c9f7a13962/62d7ea35109045335fa13a8f_606ea1763339421daf692a1a_thumbnail_video_tutorial_top_up_dan_withdrawal_dari_portal_OY-min.jpg]
[assets.website-files.com/62d7ea35109045c9f7a13962/62d7ea35109045461aa13a8d_606ea1746e9a05184e806592_thumbnail_video_transaksi_aman_dengan_menggunakan_fitur_2FA-min.jpg]
[assets.website-files.com/62d7ea35109045c9f7a13962/62d7ea351090452ddfa13a8c_606ea173ee2dbc1d88121874_thumbnail_video_cara_menggunakan_fitur_api_inquiry-min.jpg]
[assets.website-files.com/62d7ea35109045c9f7a13962/62d7ea35109045e1e1a13a91_thumbnail_video_tutorial_penggunaan__Fitur_Bulk_Disburse_dari_portal_OY-min.jpg]
[assets.website-files.com/62d7ea35109045c9f7a13962/62d7ea3510904551a7a13a8e_606ea173e453c47edf5d96ff_thumbnail_video_cara_menggunakan_payment_checkout_link-min.jpg]
[assets.website-files.com/62d7ea35109045c9f7a13962/62d7ea3510904551b3a13a4a_mobile indo.png]
[assets.website-files.com/62d7ea35109045c9f7a13962/62d7ea351090455d5aa13d85_desktop - indo.png]
[web-oy-indonesia-0d23881271c0b9394e386a.webflow.io/id/terima-uang.html]
[web-oy-indonesia-0d23881271c0b9394e386a.webflow.io/id/beranda.html]
[assets.website-files.com/62d7ea35109045c9f7a13962/62d7ea35109045d99ba13b27_OY Multi account New.png]
[assets.website-files.com/62d7ea35109045c9f7a13962/62d7ea3510904527a0a13c5f_Group 7784.png]
[assets.website-files.com/62d7ea35109045c9f7a13962/62d7ea35109045d3e1a13bf8_Bulk-Disbursement-Corporta-SS.png]
[web-oy-indonesia-0d23881271c0b9394e386a.webflow.io/id/corporate.html]
[web-oy-indonesia-0d23881271c0b9394e386a.webflow.io/en/home.html]
[assets.website-files.com/62d7ea35109045c9f7a13962/62d7ea35109045119fa13d8f_Mobile.png]
[assets.website-files.com/62d7ea35109045c9f7a13962/62d7ea35109045d4b3a13d8e_WEB.png]
[assets.website-files.com/62d7ea35109045c9f7a13962/62d7ea351090451cbaa13c8d_Wanita Hijab - web.png]
[assets.website-files.com/62d7ea35109045c9f7a13962/62d7ea35109045cf57a13c8c_Wanita Hijab - Mobile.png]
[assets.website-files.com/62d7ea35109045c9f7a13962/62d7ea351090450ffea13c98_Virtual account - web.png]
[assets.website-files.com/62d7ea35109045c9f7a13962/62d7ea35109045339ca13c9a_Virtual Account - Mobile.png]
[assets.website-files.com/62d7ea35109045c9f7a13962/62d7ea35109045f684a13c8e_pria laptop - Web.png]
[assets.website-files.com/62d7ea35109045c9f7a13962/62d7ea351090459a23a13c8f_pria laptop - Mobile.png]
[assets.website-files.com/62d7ea35109045c9f7a13962/62d7ea35109045a2cfa13cc6_image 7.png]
[web-oy-indonesia-0d23881271c0b9394e386a.webflow.io/en/umkm.html]
[cdnjs.cloudflare.com/ajax/libs/jquery.touchswipe/1.6.18/jquery.touchSwipe.min.js]
[assets.website-files.com/62d7ea35109045c9f7a13962/62d7ea35109045e87aa13b09_607032a6e31720c7d24e1b98_thumbnail_hero_hompage-min.png]
[assets.website-files.com/62d7ea35109045c9f7a13962/62d7ea351090456637a13b07_img - Dashboard & mobile-min.png]
[assets.website-files.com/62d7ea35109045c9f7a13962/62d7ea35109045fa52a13cdb_umkm-desktop.png]
[assets.website-files.com/62d7ea35109045c9f7a13962/62d7ea35109045ddf5a13cda_corp-desktop.png]
[assets.website-files.com/62d7ea35109045c9f7a13962/62d7ea351090452a90a13a31_sample_code_home_responsive.png]
[assets.website-files.com/62d7ea35109045c9f7a13962/62d7ea35109045621aa13af0_CheckMultiAccount.png]
[assets.website-files.com/62d7ea35109045c9f7a13962/62d7ea3510904579f3a13b41_Multi Account Image.png]
[web-oy-indonesia-0d23881271c0b9394e386a.webflow.io/id/beranda.html]
[web-oy-indonesia-0d23881271c0b9394e386a.webflow.io/id/wujudkanbersama]
[web-oy-indonesia-0d23881271c0b9394e386a.webflow.io/id/oy-modal-motor-ramadhan]
[web-oy-indonesia-0d23881271c0b9394e386a.webflow.io/id/oybisnis-di-hape.html]
[web-oy-indonesia-0d23881271c0b9394e386a.webflow.io/id/kirim-uang]
[web-oy-indonesia-0d23881271c0b9394e386a.webflow.io/id/lead-gen]
[web-oy-indonesia-0d23881271c0b9394e386a.webflow.io/id/produk-lainnya]
[web-oy-indonesia-0d23881271c0b9394e386a.webflow.io/id/personal]
[web-oy-indonesia-0d23881271c0b9394e386a.webflow.io/id/umkm]
[web-oy-indonesia-0d23881271c0b9394e386a.webflow.io/en/changelog.html]
[web-oy-indonesia-0d23881271c0b9394e386a.webflow.io/id/tentang-kami.html]
[web-oy-indonesia-0d23881271c0b9394e386a.webflow.io/blog]
[web-oy-indonesia-0d23881271c0b9394e386a.webflow.io/id/kontak-kami]
[web-oy-indonesia-0d23881271c0b9394e386a.webflow.io/id/tanya-jawab]
[web-oy-indonesia-0d23881271c0b9394e386a.webflow.io/id/harga]
[web-oy-indonesia-0d23881271c0b9394e386a.webflow.io/id/kirim-uang0d13]
[web-oy-indonesia-0d23881271c0b9394e386a.webflow.io/id/terima-uangb11a]
[web-oy-indonesia-0d23881271c0b9394e386a.webflow.io/id/terima-uang0d13]
[web-oy-indonesia-0d23881271c0b9394e386a.webflow.io/id/changelog]
[web-oy-indonesia-0d23881271c0b9394e386a.webflow.io/id/syarat-dan-ketentuan]
[web-oy-indonesia-0d23881271c0b9394e386a.webflow.io/en/send-money]
[web-oy-indonesia-0d23881271c0b9394e386a.webflow.io/en/payment-link]
[web-oy-indonesia-0d23881271c0b9394e386a.webflow.io/en/receive-money]
[web-oy-indonesia-0d23881271c0b9394e386a.webflow.io/en/lead-gen]
[web-oy-indonesia-0d23881271c0b9394e386a.webflow.io/en/other-product]
[web-oy-indonesia-0d23881271c0b9394e386a.webflow.io/en/personal]
[web-oy-indonesia-0d23881271c0b9394e386a.webflow.io/en/corporate]
[web-oy-indonesia-0d23881271c0b9394e386a.webflow.io/en/about-us.html]
[web-oy-indonesia-0d23881271c0b9394e386a.webflow.io/en/contact-us.html]
[web-oy-indonesia-0d23881271c0b9394e386a.webflow.io/en/frequently-asked-questions]
[web-oy-indonesia-0d23881271c0b9394e386a.webflow.io/en/pricing]
[web-oy-indonesia-0d23881271c0b9394e386a.webflow.io/id/multitransfer]
[web-oy-indonesia-0d23881271c0b9394e386a.webflow.io/id/demo/paymentcheckout]
[web-oy-indonesia-0d23881271c0b9394e386a.webflow.io/en/demo/paymentcheckout]
[web-oy-indonesia-0d23881271c0b9394e386a.webflow.io/en/demo/bulkdisbursement]
[web-oy-indonesia-0d23881271c0b9394e386a.webflow.io/en/oybisnis-di-hape.html]
[web-oy-indonesia-0d23881271c0b9394e386a.webflow.io/id/terima-uangd5c9]
[web-oy-indonesia-0d23881271c0b9394e386a.webflow.io/id/kirim-uangb11a]
[web-oy-indonesia-0d23881271c0b9394e386a.webflow.io/id/kirim-uangd5c9]
